2013/11/04 20:42:58 [error] [exception.CHttpException.404] exception 'CHttpException' with message 'Unable to resolve the request "admin".' in /home/ak-2100/Sites/yii/www/Lynxcms/framework/web/CWebApplication.php:286
Stack trace:
#0 /home/ak-2100/Sites/yii/www/Lynxcms/framework/web/CWebApplication.php(141): CWebApplication->runController('admin')
#1 /home/ak-2100/Sites/yii/www/Lynxcms/framework/base/CApplication.php(180): CWebApplication->processRequest()
#2 /home/ak-2100/Sites/yii/www/Lynxcms/index.php(13): CApplication->run()
#3 {main}
REQUEST_URI=/Lynxcms/index.php?r=admin
---
2013/11/04 20:43:08 [error] [exception.CHttpException.404] exception 'CHttpException' with message 'The system is unable to find the requested action "admin".' in /home/ak-2100/Sites/yii/www/Lynxcms/framework/web/CController.php:483
Stack trace:
#0 /home/ak-2100/Sites/yii/www/Lynxcms/framework/web/CController.php(270): CController->missingAction('admin')
#1 /home/ak-2100/Sites/yii/www/Lynxcms/framework/web/CWebApplication.php(282): CController->run('admin')
#2 /home/ak-2100/Sites/yii/www/Lynxcms/framework/web/CWebApplication.php(141): CWebApplication->runController('site/admin')
#3 /home/ak-2100/Sites/yii/www/Lynxcms/framework/base/CApplication.php(180): CWebApplication->processRequest()
#4 /home/ak-2100/Sites/yii/www/Lynxcms/index.php(13): CApplication->run()
#5 {main}
REQUEST_URI=/Lynxcms/index.php?r=site/admin
---
2013/11/06 22:18:37 [error] [exception.CHttpException.404] exception 'CHttpException' with message 'Unable to resolve the request "admin/index".' in C:\Sites\home\localhost\www\Lynxcms\framework\web\CWebApplication.php:286
Stack trace:
#0 C:\Sites\home\localhost\www\Lynxcms\framework\web\CWebApplication.php(141): CWebApplication->runController('admin/index')
#1 C:\Sites\home\localhost\www\Lynxcms\framework\base\CApplication.php(180): CWebApplication->processRequest()
#2 C:\Sites\home\localhost\www\Lynxcms\index.php(13): CApplication->run()
#3 {main}
REQUEST_URI=/Lynxcms/index.php?r=admin/index
---
2013/11/06 22:22:41 [error] [exception.CHttpException.404] exception 'CHttpException' with message 'The system is unable to find the requested action "admin".' in C:\Sites\home\localhost\www\Lynxcms\framework\web\CController.php:483
Stack trace:
#0 C:\Sites\home\localhost\www\Lynxcms\framework\web\CController.php(270): CController->missingAction('admin')
#1 C:\Sites\home\localhost\www\Lynxcms\framework\web\CWebApplication.php(282): CController->run('admin')
#2 C:\Sites\home\localhost\www\Lynxcms\framework\web\CWebApplication.php(141): CWebApplication->runController('site/admin/cont...')
#3 C:\Sites\home\localhost\www\Lynxcms\framework\base\CApplication.php(180): CWebApplication->processRequest()
#4 C:\Sites\home\localhost\www\Lynxcms\index.php(13): CApplication->run()
#5 {main}
REQUEST_URI=/Lynxcms/index.php?r=site/admin/content
HTTP_REFERER=http://localhost/Lynxcms/index.php?r=site/index
---
2013/11/06 22:22:43 [error] [exception.CHttpException.404] exception 'CHttpException' with message 'The system is unable to find the requested action "admin".' in C:\Sites\home\localhost\www\Lynxcms\framework\web\CController.php:483
Stack trace:
#0 C:\Sites\home\localhost\www\Lynxcms\framework\web\CController.php(270): CController->missingAction('admin')
#1 C:\Sites\home\localhost\www\Lynxcms\framework\web\CWebApplication.php(282): CController->run('admin')
#2 C:\Sites\home\localhost\www\Lynxcms\framework\web\CWebApplication.php(141): CWebApplication->runController('site/admin/cont...')
#3 C:\Sites\home\localhost\www\Lynxcms\framework\base\CApplication.php(180): CWebApplication->processRequest()
#4 C:\Sites\home\localhost\www\Lynxcms\index.php(13): CApplication->run()
#5 {main}
REQUEST_URI=/Lynxcms/index.php?r=site/admin/content
HTTP_REFERER=http://localhost/Lynxcms/index.php?r=site/admin/content
---
2013/11/06 22:23:01 [error] [exception.CHttpException.404] exception 'CHttpException' with message 'The system is unable to find the requested action "admin".' in C:\Sites\home\localhost\www\Lynxcms\framework\web\CController.php:483
Stack trace:
#0 C:\Sites\home\localhost\www\Lynxcms\framework\web\CController.php(270): CController->missingAction('admin')
#1 C:\Sites\home\localhost\www\Lynxcms\framework\web\CWebApplication.php(282): CController->run('admin')
#2 C:\Sites\home\localhost\www\Lynxcms\framework\web\CWebApplication.php(141): CWebApplication->runController('site/admin/cont...')
#3 C:\Sites\home\localhost\www\Lynxcms\framework\base\CApplication.php(180): CWebApplication->processRequest()
#4 C:\Sites\home\localhost\www\Lynxcms\index.php(13): CApplication->run()
#5 {main}
REQUEST_URI=/Lynxcms/index.php?r=site/admin/content
HTTP_REFERER=http://localhost/Lynxcms/index.php?r=site/admin/content
---
2013/11/06 22:23:02 [error] [exception.CHttpException.404] exception 'CHttpException' with message 'The system is unable to find the requested action "admin".' in C:\Sites\home\localhost\www\Lynxcms\framework\web\CController.php:483
Stack trace:
#0 C:\Sites\home\localhost\www\Lynxcms\framework\web\CController.php(270): CController->missingAction('admin')
#1 C:\Sites\home\localhost\www\Lynxcms\framework\web\CWebApplication.php(282): CController->run('admin')
#2 C:\Sites\home\localhost\www\Lynxcms\framework\web\CWebApplication.php(141): CWebApplication->runController('site/admin/cont...')
#3 C:\Sites\home\localhost\www\Lynxcms\framework\base\CApplication.php(180): CWebApplication->processRequest()
#4 C:\Sites\home\localhost\www\Lynxcms\index.php(13): CApplication->run()
#5 {main}
REQUEST_URI=/Lynxcms/index.php?r=site/admin/content
HTTP_REFERER=http://localhost/Lynxcms/index.php?r=site/admin/content
---
2013/11/06 22:23:02 [error] [exception.CHttpException.404] exception 'CHttpException' with message 'The system is unable to find the requested action "admin".' in C:\Sites\home\localhost\www\Lynxcms\framework\web\CController.php:483
Stack trace:
#0 C:\Sites\home\localhost\www\Lynxcms\framework\web\CController.php(270): CController->missingAction('admin')
#1 C:\Sites\home\localhost\www\Lynxcms\framework\web\CWebApplication.php(282): CController->run('admin')
#2 C:\Sites\home\localhost\www\Lynxcms\framework\web\CWebApplication.php(141): CWebApplication->runController('site/admin/cont...')
#3 C:\Sites\home\localhost\www\Lynxcms\framework\base\CApplication.php(180): CWebApplication->processRequest()
#4 C:\Sites\home\localhost\www\Lynxcms\index.php(13): CApplication->run()
#5 {main}
REQUEST_URI=/Lynxcms/index.php?r=site/admin/content
HTTP_REFERER=http://localhost/Lynxcms/index.php?r=site/admin/content
---
2013/11/06 22:23:02 [error] [exception.CHttpException.404] exception 'CHttpException' with message 'The system is unable to find the requested action "admin".' in C:\Sites\home\localhost\www\Lynxcms\framework\web\CController.php:483
Stack trace:
#0 C:\Sites\home\localhost\www\Lynxcms\framework\web\CController.php(270): CController->missingAction('admin')
#1 C:\Sites\home\localhost\www\Lynxcms\framework\web\CWebApplication.php(282): CController->run('admin')
#2 C:\Sites\home\localhost\www\Lynxcms\framework\web\CWebApplication.php(141): CWebApplication->runController('site/admin/cont...')
#3 C:\Sites\home\localhost\www\Lynxcms\framework\base\CApplication.php(180): CWebApplication->processRequest()
#4 C:\Sites\home\localhost\www\Lynxcms\index.php(13): CApplication->run()
#5 {main}
REQUEST_URI=/Lynxcms/index.php?r=site/admin/content
HTTP_REFERER=http://localhost/Lynxcms/index.php?r=site/admin/content
---
2013/11/06 22:23:02 [error] [exception.CHttpException.404] exception 'CHttpException' with message 'The system is unable to find the requested action "admin".' in C:\Sites\home\localhost\www\Lynxcms\framework\web\CController.php:483
Stack trace:
#0 C:\Sites\home\localhost\www\Lynxcms\framework\web\CController.php(270): CController->missingAction('admin')
#1 C:\Sites\home\localhost\www\Lynxcms\framework\web\CWebApplication.php(282): CController->run('admin')
#2 C:\Sites\home\localhost\www\Lynxcms\framework\web\CWebApplication.php(141): CWebApplication->runController('site/admin/cont...')
#3 C:\Sites\home\localhost\www\Lynxcms\framework\base\CApplication.php(180): CWebApplication->processRequest()
#4 C:\Sites\home\localhost\www\Lynxcms\index.php(13): CApplication->run()
#5 {main}
REQUEST_URI=/Lynxcms/index.php?r=site/admin/content
HTTP_REFERER=http://localhost/Lynxcms/index.php?r=site/admin/content
---
2013/11/06 22:23:02 [error] [exception.CHttpException.404] exception 'CHttpException' with message 'The system is unable to find the requested action "admin".' in C:\Sites\home\localhost\www\Lynxcms\framework\web\CController.php:483
Stack trace:
#0 C:\Sites\home\localhost\www\Lynxcms\framework\web\CController.php(270): CController->missingAction('admin')
#1 C:\Sites\home\localhost\www\Lynxcms\framework\web\CWebApplication.php(282): CController->run('admin')
#2 C:\Sites\home\localhost\www\Lynxcms\framework\web\CWebApplication.php(141): CWebApplication->runController('site/admin/cont...')
#3 C:\Sites\home\localhost\www\Lynxcms\framework\base\CApplication.php(180): CWebApplication->processRequest()
#4 C:\Sites\home\localhost\www\Lynxcms\index.php(13): CApplication->run()
#5 {main}
REQUEST_URI=/Lynxcms/index.php?r=site/admin/content
HTTP_REFERER=http://localhost/Lynxcms/index.php?r=site/admin/content
---
2013/11/06 22:23:18 [error] [exception.CHttpException.404] exception 'CHttpException' with message 'The system is unable to find the requested action "admin".' in C:\Sites\home\localhost\www\Lynxcms\framework\web\CController.php:483
Stack trace:
#0 C:\Sites\home\localhost\www\Lynxcms\framework\web\CController.php(270): CController->missingAction('admin')
#1 C:\Sites\home\localhost\www\Lynxcms\framework\web\CWebApplication.php(282): CController->run('admin')
#2 C:\Sites\home\localhost\www\Lynxcms\framework\web\CWebApplication.php(141): CWebApplication->runController('site/admin/cont...')
#3 C:\Sites\home\localhost\www\Lynxcms\framework\base\CApplication.php(180): CWebApplication->processRequest()
#4 C:\Sites\home\localhost\www\Lynxcms\index.php(13): CApplication->run()
#5 {main}
REQUEST_URI=/Lynxcms/index.php?r=site/admin/content
HTTP_REFERER=http://localhost/Lynxcms/index.php?r=site/admin/content
---
2013/11/06 22:23:18 [error] [exception.CHttpException.404] exception 'CHttpException' with message 'The system is unable to find the requested action "admin".' in C:\Sites\home\localhost\www\Lynxcms\framework\web\CController.php:483
Stack trace:
#0 C:\Sites\home\localhost\www\Lynxcms\framework\web\CController.php(270): CController->missingAction('admin')
#1 C:\Sites\home\localhost\www\Lynxcms\framework\web\CWebApplication.php(282): CController->run('admin')
#2 C:\Sites\home\localhost\www\Lynxcms\framework\web\CWebApplication.php(141): CWebApplication->runController('site/admin/cont...')
#3 C:\Sites\home\localhost\www\Lynxcms\framework\base\CApplication.php(180): CWebApplication->processRequest()
#4 C:\Sites\home\localhost\www\Lynxcms\index.php(13): CApplication->run()
#5 {main}
REQUEST_URI=/Lynxcms/index.php?r=site/admin/content
HTTP_REFERER=http://localhost/Lynxcms/index.php?r=site/admin/content
---
2013/11/06 22:23:18 [error] [exception.CHttpException.404] exception 'CHttpException' with message 'The system is unable to find the requested action "admin".' in C:\Sites\home\localhost\www\Lynxcms\framework\web\CController.php:483
Stack trace:
#0 C:\Sites\home\localhost\www\Lynxcms\framework\web\CController.php(270): CController->missingAction('admin')
#1 C:\Sites\home\localhost\www\Lynxcms\framework\web\CWebApplication.php(282): CController->run('admin')
#2 C:\Sites\home\localhost\www\Lynxcms\framework\web\CWebApplication.php(141): CWebApplication->runController('site/admin/cont...')
#3 C:\Sites\home\localhost\www\Lynxcms\framework\base\CApplication.php(180): CWebApplication->processRequest()
#4 C:\Sites\home\localhost\www\Lynxcms\index.php(13): CApplication->run()
#5 {main}
REQUEST_URI=/Lynxcms/index.php?r=site/admin/content
HTTP_REFERER=http://localhost/Lynxcms/index.php?r=site/admin/content
---
2013/11/06 22:23:18 [error] [exception.CHttpException.404] exception 'CHttpException' with message 'The system is unable to find the requested action "admin".' in C:\Sites\home\localhost\www\Lynxcms\framework\web\CController.php:483
Stack trace:
#0 C:\Sites\home\localhost\www\Lynxcms\framework\web\CController.php(270): CController->missingAction('admin')
#1 C:\Sites\home\localhost\www\Lynxcms\framework\web\CWebApplication.php(282): CController->run('admin')
#2 C:\Sites\home\localhost\www\Lynxcms\framework\web\CWebApplication.php(141): CWebApplication->runController('site/admin/cont...')
#3 C:\Sites\home\localhost\www\Lynxcms\framework\base\CApplication.php(180): CWebApplication->processRequest()
#4 C:\Sites\home\localhost\www\Lynxcms\index.php(13): CApplication->run()
#5 {main}
REQUEST_URI=/Lynxcms/index.php?r=site/admin/content
HTTP_REFERER=http://localhost/Lynxcms/index.php?r=site/admin/content
---
2013/11/06 22:23:19 [error] [exception.CHttpException.404] exception 'CHttpException' with message 'The system is unable to find the requested action "admin".' in C:\Sites\home\localhost\www\Lynxcms\framework\web\CController.php:483
Stack trace:
#0 C:\Sites\home\localhost\www\Lynxcms\framework\web\CController.php(270): CController->missingAction('admin')
#1 C:\Sites\home\localhost\www\Lynxcms\framework\web\CWebApplication.php(282): CController->run('admin')
#2 C:\Sites\home\localhost\www\Lynxcms\framework\web\CWebApplication.php(141): CWebApplication->runController('site/admin/cont...')
#3 C:\Sites\home\localhost\www\Lynxcms\framework\base\CApplication.php(180): CWebApplication->processRequest()
#4 C:\Sites\home\localhost\www\Lynxcms\index.php(13): CApplication->run()
#5 {main}
REQUEST_URI=/Lynxcms/index.php?r=site/admin/content
HTTP_REFERER=http://localhost/Lynxcms/index.php?r=site/admin/content
---
2013/11/06 22:27:54 [error] [exception.CHttpException.404] exception 'CHttpException' with message 'Unable to resolve the request "admin/index".' in C:\Sites\home\localhost\www\Lynxcms\framework\web\CWebApplication.php:286
Stack trace:
#0 C:\Sites\home\localhost\www\Lynxcms\framework\web\CWebApplication.php(141): CWebApplication->runController('admin/index')
#1 C:\Sites\home\localhost\www\Lynxcms\framework\base\CApplication.php(180): CWebApplication->processRequest()
#2 C:\Sites\home\localhost\www\Lynxcms\index.php(13): CApplication->run()
#3 {main}
REQUEST_URI=/Lynxcms/index.php?r=admin/index
---
2013/11/06 22:35:06 [error] [php] Undefined variable: content (C:\Sites\home\localhost\www\Lynxcms\protected\views\admin\backend\index.php:47)
Stack trace:
#0 C:\Sites\home\localhost\www\Lynxcms\framework\web\CController.php(869): BackendController->renderFile()
#1 C:\Sites\home\localhost\www\Lynxcms\framework\web\CController.php(782): BackendController->renderPartial()
#2 C:\Sites\home\localhost\www\Lynxcms\protected\controllers\admin\BackendController.php(8): BackendController->render()
#3 C:\Sites\home\localhost\www\Lynxcms\framework\web\actions\CInlineAction.php(49): BackendController->actionIndex()
#4 C:\Sites\home\localhost\www\Lynxcms\framework\web\CController.php(308): CInlineAction->runWithParams()
#5 C:\Sites\home\localhost\www\Lynxcms\framework\web\CController.php(286): BackendController->runAction()
#6 C:\Sites\home\localhost\www\Lynxcms\framework\web\CController.php(265): BackendController->runActionWithFilters()
#7 C:\Sites\home\localhost\www\Lynxcms\framework\web\CWebApplication.php(282): BackendController->run()
#8 C:\Sites\home\localhost\www\Lynxcms\framework\web\CWebApplication.php(141): CWebApplication->runController()
#9 C:\Sites\home\localhost\www\Lynxcms\framework\base\CApplication.php(180): CWebApplication->processRequest()
#10 C:\Sites\home\localhost\www\Lynxcms\index.php(13): CWebApplication->run()
REQUEST_URI=/Lynxcms/index.php?r=admin/backend
in C:\Sites\home\localhost\www\Lynxcms\protected\views\admin\backend\index.php (47)
in C:\Sites\home\localhost\www\Lynxcms\protected\controllers\admin\BackendController.php (8)
in C:\Sites\home\localhost\www\Lynxcms\index.php (13)
2013/11/06 23:04:19 [error] [php] include(BackendController.php) [<a href='function.include'>function.include</a>]: failed to open stream: No such file or directory (C:\Sites\home\localhost\www\Lynxcms\framework\YiiBase.php:427)
Stack trace:
#0 C:\Sites\home\localhost\www\Lynxcms\protected\controllers\admin\CategoryController.php(4): spl_autoload_call()
#1 C:\Sites\home\localhost\www\Lynxcms\framework\web\CWebApplication.php(354): require()
#2 C:\Sites\home\localhost\www\Lynxcms\framework\web\CWebApplication.php(276): CWebApplication->createController()
#3 C:\Sites\home\localhost\www\Lynxcms\framework\web\CWebApplication.php(141): CWebApplication->runController()
#4 C:\Sites\home\localhost\www\Lynxcms\framework\base\CApplication.php(180): CWebApplication->processRequest()
#5 C:\Sites\home\localhost\www\Lynxcms\index.php(13): CWebApplication->run()
REQUEST_URI=/Lynxcms/index.php?r=admin/category
in C:\Sites\home\localhost\www\Lynxcms\protected\controllers\admin\CategoryController.php (4)
in C:\Sites\home\localhost\www\Lynxcms\index.php (13)
2013/11/06 23:10:48 [error] [exception.CHttpException.404] exception 'CHttpException' with message 'Unable to resolve the request "admin/פגרע".' in C:\Sites\home\localhost\www\Lynxcms\framework\web\CWebApplication.php:286
Stack trace:
#0 C:\Sites\home\localhost\www\Lynxcms\framework\web\CWebApplication.php(141): CWebApplication->runController('admin/?????')
#1 C:\Sites\home\localhost\www\Lynxcms\framework\base\CApplication.php(180): CWebApplication->processRequest()
#2 C:\Sites\home\localhost\www\Lynxcms\index.php(13): CApplication->run()
#3 {main}
REQUEST_URI=/Lynxcms/index.php?r=admin/פגרע
---
2013/11/06 23:10:57 [error] [exception.CHttpException.404] exception 'CHttpException' with message 'Unable to resolve the request "admin/admin".' in C:\Sites\home\localhost\www\Lynxcms\framework\web\CWebApplication.php:286
Stack trace:
#0 C:\Sites\home\localhost\www\Lynxcms\framework\web\CWebApplication.php(141): CWebApplication->runController('admin/admin')
#1 C:\Sites\home\localhost\www\Lynxcms\framework\base\CApplication.php(180): CWebApplication->processRequest()
#2 C:\Sites\home\localhost\www\Lynxcms\index.php(13): CApplication->run()
#3 {main}
REQUEST_URI=/Lynxcms/index.php?r=admin/admin
---
2013/11/06 23:11:04 [error] [exception.CHttpException.404] exception 'CHttpException' with message 'Unable to resolve the request "admin/index".' in C:\Sites\home\localhost\www\Lynxcms\framework\web\CWebApplication.php:286
Stack trace:
#0 C:\Sites\home\localhost\www\Lynxcms\framework\web\CWebApplication.php(141): CWebApplication->runController('admin/index')
#1 C:\Sites\home\localhost\www\Lynxcms\framework\base\CApplication.php(180): CWebApplication->processRequest()
#2 C:\Sites\home\localhost\www\Lynxcms\index.php(13): CApplication->run()
#3 {main}
REQUEST_URI=/Lynxcms/index.php?r=admin/index
---
2013/11/06 23:17:51 [error] [php] include(DefaultController.php) [<a href='function.include'>function.include</a>]: failed to open stream: No such file or directory (C:\Sites\home\localhost\www\Lynxcms\framework\YiiBase.php:427)
Stack trace:
#0 C:\Sites\home\localhost\www\Lynxcms\protected\controllers\admin\BackendController.php(4): spl_autoload_call()
#1 C:\Sites\home\localhost\www\Lynxcms\framework\web\CWebApplication.php(354): require()
#2 C:\Sites\home\localhost\www\Lynxcms\framework\web\CWebApplication.php(276): CWebApplication->createController()
#3 C:\Sites\home\localhost\www\Lynxcms\framework\web\CWebApplication.php(141): CWebApplication->runController()
#4 C:\Sites\home\localhost\www\Lynxcms\framework\base\CApplication.php(180): CWebApplication->processRequest()
#5 C:\Sites\home\localhost\www\Lynxcms\index.php(13): CWebApplication->run()
REQUEST_URI=/Lynxcms/index.php?r=admin/backend
in C:\Sites\home\localhost\www\Lynxcms\protected\controllers\admin\BackendController.php (4)
in C:\Sites\home\localhost\www\Lynxcms\index.php (13)
2013/11/06 23:19:14 [error] [exception.CHttpException.404] exception 'CHttpException' with message 'Unable to resolve the request "admin/backend".' in C:\Sites\home\localhost\www\Lynxcms\framework\web\CWebApplication.php:286
Stack trace:
#0 C:\Sites\home\localhost\www\Lynxcms\framework\web\CWebApplication.php(141): CWebApplication->runController('admin/backend')
#1 C:\Sites\home\localhost\www\Lynxcms\framework\base\CApplication.php(180): CWebApplication->processRequest()
#2 C:\Sites\home\localhost\www\Lynxcms\index.php(13): CApplication->run()
#3 {main}
REQUEST_URI=/Lynxcms/index.php?r=admin/backend
HTTP_REFERER=http://localhost/Lynxcms/index.php?r=admin/backend
---
2013/11/07 23:49:06 [error] [exception.CHttpException.403] exception 'CHttpException' with message 'You are not allowed to access this page.' in C:\Sites\home\localhost\www\Lynxcms\framework\gii\GiiModule.php:170
Stack trace:
#0 C:\Sites\home\localhost\www\Lynxcms\framework\web\CController.php(263): GiiModule->beforeControllerAction(Object(DefaultController), Object(CInlineAction))
#1 C:\Sites\home\localhost\www\Lynxcms\framework\web\CWebApplication.php(282): CController->run('')
#2 C:\Sites\home\localhost\www\Lynxcms\framework\web\CWebApplication.php(141): CWebApplication->runController('gii')
#3 C:\Sites\home\localhost\www\Lynxcms\framework\base\CApplication.php(180): CWebApplication->processRequest()
#4 C:\Sites\home\localhost\www\Lynxcms\index.php(13): CApplication->run()
#5 {main}
REQUEST_URI=/Lynxcms/index.php?r=gii
---
2013/11/12 08:33:00 [error] [exception.CException] exception 'CException' with message 'ContentController and its behaviors do not have a method or closure named "getCategoryOptions".' in C:\Sites\home\localhost\www\Lynxcms\framework\base\CComponent.php:266
Stack trace:
#0 C:\Sites\home\localhost\www\Lynxcms\protected\views\admin\content\_form.php(36): CComponent->__call('getCategoryOpti...', Array)
#1 C:\Sites\home\localhost\www\Lynxcms\protected\views\admin\content\_form.php(36): ContentController->getCategoryOptions()
#2 C:\Sites\home\localhost\www\Lynxcms\framework\web\CBaseController.php(126): require('C:\Sites\home\l...')
#3 C:\Sites\home\localhost\www\Lynxcms\framework\web\CBaseController.php(95): CBaseController->renderInternal('C:\Sites\home\l...', Array, true)
#4 C:\Sites\home\localhost\www\Lynxcms\framework\web\CController.php(869): CBaseController->renderFile('C:\Sites\home\l...', Array, true)
#5 C:\Sites\home\localhost\www\Lynxcms\protected\views\admin\content\create.php(18): CController->renderPartial('_form', Array)
#6 C:\Sites\home\localhost\www\Lynxcms\framework\web\CBaseController.php(126): require('C:\Sites\home\l...')
#7 C:\Sites\home\localhost\www\Lynxcms\framework\web\CBaseController.php(95): CBaseController->renderInternal('C:\Sites\home\l...', Array, true)
#8 C:\Sites\home\localhost\www\Lynxcms\framework\web\CController.php(869): CBaseController->renderFile('C:\Sites\home\l...', Array, true)
#9 C:\Sites\home\localhost\www\Lynxcms\framework\web\CController.php(782): CController->renderPartial('create', Array, true)
#10 C:\Sites\home\localhost\www\Lynxcms\protected\controllers\admin\ContentController.php(79): CController->render('create', Array)
#11 C:\Sites\home\localhost\www\Lynxcms\framework\web\actions\CInlineAction.php(49): ContentController->actionCreate()
#12 C:\Sites\home\localhost\www\Lynxcms\framework\web\CController.php(308): CInlineAction->runWithParams(Array)
#13 C:\Sites\home\localhost\www\Lynxcms\framework\web\filters\CFilterChain.php(133): CController->runAction(Object(CInlineAction))
#14 C:\Sites\home\localhost\www\Lynxcms\framework\web\filters\CFilter.php(40): CFilterChain->run()
#15 C:\Sites\home\localhost\www\Lynxcms\framework\web\CController.php(1145): CFilter->filter(Object(CFilterChain))
#16 C:\Sites\home\localhost\www\Lynxcms\framework\web\filters\CInlineFilter.php(58): CController->filterAccessControl(Object(CFilterChain))
#17 C:\Sites\home\localhost\www\Lynxcms\framework\web\filters\CFilterChain.php(130): CInlineFilter->filter(Object(CFilterChain))
#18 C:\Sites\home\localhost\www\Lynxcms\framework\web\CController.php(291): CFilterChain->run()
#19 C:\Sites\home\localhost\www\Lynxcms\framework\web\CController.php(265): CController->runActionWithFilters(Object(CInlineAction), Array)
#20 C:\Sites\home\localhost\www\Lynxcms\framework\web\CWebApplication.php(282): CController->run('create')
#21 C:\Sites\home\localhost\www\Lynxcms\framework\web\CWebApplication.php(141): CWebApplication->runController('admin/content/c...')
#22 C:\Sites\home\localhost\www\Lynxcms\framework\base\CApplication.php(180): CWebApplication->processRequest()
#23 C:\Sites\home\localhost\www\Lynxcms\index.php(13): CApplication->run()
#24 {main}
REQUEST_URI=/Lynxcms/index.php?r=admin/content/create
HTTP_REFERER=http://localhost/Lynxcms/index.php?r=admin/content&view=about
---
2013/11/12 08:33:46 [error] [php] Invalid argument supplied for foreach() (C:\Sites\home\localhost\www\Lynxcms\framework\web\helpers\CHtml.php:2078)
Stack trace:
#0 C:\Sites\home\localhost\www\Lynxcms\framework\web\CBaseController.php(126): require()
#1 C:\Sites\home\localhost\www\Lynxcms\framework\web\CBaseController.php(95): ContentController->renderInternal()
#2 C:\Sites\home\localhost\www\Lynxcms\framework\web\CController.php(869): ContentController->renderFile()
#3 C:\Sites\home\localhost\www\Lynxcms\protected\views\admin\content\create.php(18): ContentController->renderPartial()
#4 C:\Sites\home\localhost\www\Lynxcms\framework\web\CBaseController.php(126): require()
#5 C:\Sites\home\localhost\www\Lynxcms\framework\web\CBaseController.php(95): ContentController->renderInternal()
#6 C:\Sites\home\localhost\www\Lynxcms\framework\web\CController.php(869): ContentController->renderFile()
#7 C:\Sites\home\localhost\www\Lynxcms\framework\web\CController.php(782): ContentController->renderPartial()
#8 C:\Sites\home\localhost\www\Lynxcms\protected\controllers\admin\ContentController.php(79): ContentController->render()
#9 C:\Sites\home\localhost\www\Lynxcms\framework\web\actions\CInlineAction.php(49): ContentController->actionCreate()
#10 C:\Sites\home\localhost\www\Lynxcms\framework\web\CController.php(308): CInlineAction->runWithParams()
#11 C:\Sites\home\localhost\www\Lynxcms\framework\web\filters\CFilterChain.php(133): ContentController->runAction()
#12 C:\Sites\home\localhost\www\Lynxcms\framework\web\filters\CFilter.php(40): CFilterChain->run()
#13 C:\Sites\home\localhost\www\Lynxcms\framework\web\CController.php(1145): CAccessControlFilter->filter()
#14 C:\Sites\home\localhost\www\Lynxcms\framework\web\filters\CInlineFilter.php(58): ContentController->filterAccessControl()
#15 C:\Sites\home\localhost\www\Lynxcms\framework\web\filters\CFilterChain.php(130): CInlineFilter->filter()
#16 C:\Sites\home\localhost\www\Lynxcms\framework\web\CController.php(291): CFilterChain->run()
#17 C:\Sites\home\localhost\www\Lynxcms\framework\web\CController.php(265): ContentController->runActionWithFilters()
#18 C:\Sites\home\localhost\www\Lynxcms\framework\web\CWebApplication.php(282): ContentController->run()
#19 C:\Sites\home\localhost\www\Lynxcms\framework\web\CWebApplication.php(141): CWebApplication->runController()
#20 C:\Sites\home\localhost\www\Lynxcms\framework\base\CApplication.php(180): CWebApplication->processRequest()
#21 C:\Sites\home\localhost\www\Lynxcms\index.php(13): CWebApplication->run()
REQUEST_URI=/Lynxcms/index.php?r=admin/content/create
in C:\Sites\home\localhost\www\Lynxcms\protected\models\Content.php (32)
in C:\Sites\home\localhost\www\Lynxcms\protected\views\admin\content\_form.php (36)
in C:\Sites\home\localhost\www\Lynxcms\protected\views\admin\content\create.php (18)
2013/11/12 08:41:56 [error] [php] Invalid argument supplied for foreach() (C:\Sites\home\localhost\www\Lynxcms\framework\web\helpers\CHtml.php:2078)
Stack trace:
#0 C:\Sites\home\localhost\www\Lynxcms\framework\web\CBaseController.php(126): require()
#1 C:\Sites\home\localhost\www\Lynxcms\framework\web\CBaseController.php(95): ContentController->renderInternal()
#2 C:\Sites\home\localhost\www\Lynxcms\framework\web\CController.php(869): ContentController->renderFile()
#3 C:\Sites\home\localhost\www\Lynxcms\protected\views\admin\content\create.php(18): ContentController->renderPartial()
#4 C:\Sites\home\localhost\www\Lynxcms\framework\web\CBaseController.php(126): require()
#5 C:\Sites\home\localhost\www\Lynxcms\framework\web\CBaseController.php(95): ContentController->renderInternal()
#6 C:\Sites\home\localhost\www\Lynxcms\framework\web\CController.php(869): ContentController->renderFile()
#7 C:\Sites\home\localhost\www\Lynxcms\framework\web\CController.php(782): ContentController->renderPartial()
#8 C:\Sites\home\localhost\www\Lynxcms\protected\controllers\admin\ContentController.php(79): ContentController->render()
#9 C:\Sites\home\localhost\www\Lynxcms\framework\web\actions\CInlineAction.php(49): ContentController->actionCreate()
#10 C:\Sites\home\localhost\www\Lynxcms\framework\web\CController.php(308): CInlineAction->runWithParams()
#11 C:\Sites\home\localhost\www\Lynxcms\framework\web\filters\CFilterChain.php(133): ContentController->runAction()
#12 C:\Sites\home\localhost\www\Lynxcms\framework\web\filters\CFilter.php(40): CFilterChain->run()
#13 C:\Sites\home\localhost\www\Lynxcms\framework\web\CController.php(1145): CAccessControlFilter->filter()
#14 C:\Sites\home\localhost\www\Lynxcms\framework\web\filters\CInlineFilter.php(58): ContentController->filterAccessControl()
#15 C:\Sites\home\localhost\www\Lynxcms\framework\web\filters\CFilterChain.php(130): CInlineFilter->filter()
#16 C:\Sites\home\localhost\www\Lynxcms\framework\web\CController.php(291): CFilterChain->run()
#17 C:\Sites\home\localhost\www\Lynxcms\framework\web\CController.php(265): ContentController->runActionWithFilters()
#18 C:\Sites\home\localhost\www\Lynxcms\framework\web\CWebApplication.php(282): ContentController->run()
#19 C:\Sites\home\localhost\www\Lynxcms\framework\web\CWebApplication.php(141): CWebApplication->runController()
#20 C:\Sites\home\localhost\www\Lynxcms\framework\base\CApplication.php(180): CWebApplication->processRequest()
#21 C:\Sites\home\localhost\www\Lynxcms\index.php(13): CWebApplication->run()
REQUEST_URI=/Lynxcms/index.php?r=admin/content/create
in C:\Sites\home\localhost\www\Lynxcms\protected\models\Content.php (32)
in C:\Sites\home\localhost\www\Lynxcms\protected\views\admin\content\_form.php (36)
in C:\Sites\home\localhost\www\Lynxcms\protected\views\admin\content\create.php (18)
2013/11/12 08:41:58 [error] [php] Invalid argument supplied for foreach() (C:\Sites\home\localhost\www\Lynxcms\framework\web\helpers\CHtml.php:2078)
Stack trace:
#0 C:\Sites\home\localhost\www\Lynxcms\framework\web\CBaseController.php(126): require()
#1 C:\Sites\home\localhost\www\Lynxcms\framework\web\CBaseController.php(95): ContentController->renderInternal()
#2 C:\Sites\home\localhost\www\Lynxcms\framework\web\CController.php(869): ContentController->renderFile()
#3 C:\Sites\home\localhost\www\Lynxcms\protected\views\admin\content\create.php(18): ContentController->renderPartial()
#4 C:\Sites\home\localhost\www\Lynxcms\framework\web\CBaseController.php(126): require()
#5 C:\Sites\home\localhost\www\Lynxcms\framework\web\CBaseController.php(95): ContentController->renderInternal()
#6 C:\Sites\home\localhost\www\Lynxcms\framework\web\CController.php(869): ContentController->renderFile()
#7 C:\Sites\home\localhost\www\Lynxcms\framework\web\CController.php(782): ContentController->renderPartial()
#8 C:\Sites\home\localhost\www\Lynxcms\protected\controllers\admin\ContentController.php(79): ContentController->render()
#9 C:\Sites\home\localhost\www\Lynxcms\framework\web\actions\CInlineAction.php(49): ContentController->actionCreate()
#10 C:\Sites\home\localhost\www\Lynxcms\framework\web\CController.php(308): CInlineAction->runWithParams()
#11 C:\Sites\home\localhost\www\Lynxcms\framework\web\filters\CFilterChain.php(133): ContentController->runAction()
#12 C:\Sites\home\localhost\www\Lynxcms\framework\web\filters\CFilter.php(40): CFilterChain->run()
#13 C:\Sites\home\localhost\www\Lynxcms\framework\web\CController.php(1145): CAccessControlFilter->filter()
#14 C:\Sites\home\localhost\www\Lynxcms\framework\web\filters\CInlineFilter.php(58): ContentController->filterAccessControl()
#15 C:\Sites\home\localhost\www\Lynxcms\framework\web\filters\CFilterChain.php(130): CInlineFilter->filter()
#16 C:\Sites\home\localhost\www\Lynxcms\framework\web\CController.php(291): CFilterChain->run()
#17 C:\Sites\home\localhost\www\Lynxcms\framework\web\CController.php(265): ContentController->runActionWithFilters()
#18 C:\Sites\home\localhost\www\Lynxcms\framework\web\CWebApplication.php(282): ContentController->run()
#19 C:\Sites\home\localhost\www\Lynxcms\framework\web\CWebApplication.php(141): CWebApplication->runController()
#20 C:\Sites\home\localhost\www\Lynxcms\framework\base\CApplication.php(180): CWebApplication->processRequest()
#21 C:\Sites\home\localhost\www\Lynxcms\index.php(13): CWebApplication->run()
REQUEST_URI=/Lynxcms/index.php?r=admin/content/create
in C:\Sites\home\localhost\www\Lynxcms\protected\models\Content.php (32)
in C:\Sites\home\localhost\www\Lynxcms\protected\views\admin\content\_form.php (36)
in C:\Sites\home\localhost\www\Lynxcms\protected\views\admin\content\create.php (18)
2013/11/12 08:45:57 [error] [php] Invalid argument supplied for foreach() (C:\Sites\home\localhost\www\Lynxcms\framework\web\helpers\CHtml.php:2078)
Stack trace:
#0 C:\Sites\home\localhost\www\Lynxcms\framework\web\CBaseController.php(126): require()
#1 C:\Sites\home\localhost\www\Lynxcms\framework\web\CBaseController.php(95): ContentController->renderInternal()
#2 C:\Sites\home\localhost\www\Lynxcms\framework\web\CController.php(869): ContentController->renderFile()
#3 C:\Sites\home\localhost\www\Lynxcms\protected\views\admin\content\create.php(18): ContentController->renderPartial()
#4 C:\Sites\home\localhost\www\Lynxcms\framework\web\CBaseController.php(126): require()
#5 C:\Sites\home\localhost\www\Lynxcms\framework\web\CBaseController.php(95): ContentController->renderInternal()
#6 C:\Sites\home\localhost\www\Lynxcms\framework\web\CController.php(869): ContentController->renderFile()
#7 C:\Sites\home\localhost\www\Lynxcms\framework\web\CController.php(782): ContentController->renderPartial()
#8 C:\Sites\home\localhost\www\Lynxcms\protected\controllers\admin\ContentController.php(79): ContentController->render()
#9 C:\Sites\home\localhost\www\Lynxcms\framework\web\actions\CInlineAction.php(49): ContentController->actionCreate()
#10 C:\Sites\home\localhost\www\Lynxcms\framework\web\CController.php(308): CInlineAction->runWithParams()
#11 C:\Sites\home\localhost\www\Lynxcms\framework\web\filters\CFilterChain.php(133): ContentController->runAction()
#12 C:\Sites\home\localhost\www\Lynxcms\framework\web\filters\CFilter.php(40): CFilterChain->run()
#13 C:\Sites\home\localhost\www\Lynxcms\framework\web\CController.php(1145): CAccessControlFilter->filter()
#14 C:\Sites\home\localhost\www\Lynxcms\framework\web\filters\CInlineFilter.php(58): ContentController->filterAccessControl()
#15 C:\Sites\home\localhost\www\Lynxcms\framework\web\filters\CFilterChain.php(130): CInlineFilter->filter()
#16 C:\Sites\home\localhost\www\Lynxcms\framework\web\CController.php(291): CFilterChain->run()
#17 C:\Sites\home\localhost\www\Lynxcms\framework\web\CController.php(265): ContentController->runActionWithFilters()
#18 C:\Sites\home\localhost\www\Lynxcms\framework\web\CWebApplication.php(282): ContentController->run()
#19 C:\Sites\home\localhost\www\Lynxcms\framework\web\CWebApplication.php(141): CWebApplication->runController()
#20 C:\Sites\home\localhost\www\Lynxcms\framework\base\CApplication.php(180): CWebApplication->processRequest()
#21 C:\Sites\home\localhost\www\Lynxcms\index.php(13): CWebApplication->run()
REQUEST_URI=/Lynxcms/index.php?r=admin/content/create
in C:\Sites\home\localhost\www\Lynxcms\protected\models\Content.php (32)
in C:\Sites\home\localhost\www\Lynxcms\protected\views\admin\content\_form.php (36)
in C:\Sites\home\localhost\www\Lynxcms\protected\views\admin\content\create.php (18)
2013/11/12 08:45:58 [error] [php] Invalid argument supplied for foreach() (C:\Sites\home\localhost\www\Lynxcms\framework\web\helpers\CHtml.php:2078)
Stack trace:
#0 C:\Sites\home\localhost\www\Lynxcms\framework\web\CBaseController.php(126): require()
#1 C:\Sites\home\localhost\www\Lynxcms\framework\web\CBaseController.php(95): ContentController->renderInternal()
#2 C:\Sites\home\localhost\www\Lynxcms\framework\web\CController.php(869): ContentController->renderFile()
#3 C:\Sites\home\localhost\www\Lynxcms\protected\views\admin\content\create.php(18): ContentController->renderPartial()
#4 C:\Sites\home\localhost\www\Lynxcms\framework\web\CBaseController.php(126): require()
#5 C:\Sites\home\localhost\www\Lynxcms\framework\web\CBaseController.php(95): ContentController->renderInternal()
#6 C:\Sites\home\localhost\www\Lynxcms\framework\web\CController.php(869): ContentController->renderFile()
#7 C:\Sites\home\localhost\www\Lynxcms\framework\web\CController.php(782): ContentController->renderPartial()
#8 C:\Sites\home\localhost\www\Lynxcms\protected\controllers\admin\ContentController.php(79): ContentController->render()
#9 C:\Sites\home\localhost\www\Lynxcms\framework\web\actions\CInlineAction.php(49): ContentController->actionCreate()
#10 C:\Sites\home\localhost\www\Lynxcms\framework\web\CController.php(308): CInlineAction->runWithParams()
#11 C:\Sites\home\localhost\www\Lynxcms\framework\web\filters\CFilterChain.php(133): ContentController->runAction()
#12 C:\Sites\home\localhost\www\Lynxcms\framework\web\filters\CFilter.php(40): CFilterChain->run()
#13 C:\Sites\home\localhost\www\Lynxcms\framework\web\CController.php(1145): CAccessControlFilter->filter()
#14 C:\Sites\home\localhost\www\Lynxcms\framework\web\filters\CInlineFilter.php(58): ContentController->filterAccessControl()
#15 C:\Sites\home\localhost\www\Lynxcms\framework\web\filters\CFilterChain.php(130): CInlineFilter->filter()
#16 C:\Sites\home\localhost\www\Lynxcms\framework\web\CController.php(291): CFilterChain->run()
#17 C:\Sites\home\localhost\www\Lynxcms\framework\web\CController.php(265): ContentController->runActionWithFilters()
#18 C:\Sites\home\localhost\www\Lynxcms\framework\web\CWebApplication.php(282): ContentController->run()
#19 C:\Sites\home\localhost\www\Lynxcms\framework\web\CWebApplication.php(141): CWebApplication->runController()
#20 C:\Sites\home\localhost\www\Lynxcms\framework\base\CApplication.php(180): CWebApplication->processRequest()
#21 C:\Sites\home\localhost\www\Lynxcms\index.php(13): CWebApplication->run()
REQUEST_URI=/Lynxcms/index.php?r=admin/content/create
in C:\Sites\home\localhost\www\Lynxcms\protected\models\Content.php (32)
in C:\Sites\home\localhost\www\Lynxcms\protected\views\admin\content\_form.php (36)
in C:\Sites\home\localhost\www\Lynxcms\protected\views\admin\content\create.php (18)
2013/11/12 08:45:59 [error] [php] Invalid argument supplied for foreach() (C:\Sites\home\localhost\www\Lynxcms\framework\web\helpers\CHtml.php:2078)
Stack trace:
#0 C:\Sites\home\localhost\www\Lynxcms\framework\web\CBaseController.php(126): require()
#1 C:\Sites\home\localhost\www\Lynxcms\framework\web\CBaseController.php(95): ContentController->renderInternal()
#2 C:\Sites\home\localhost\www\Lynxcms\framework\web\CController.php(869): ContentController->renderFile()
#3 C:\Sites\home\localhost\www\Lynxcms\protected\views\admin\content\create.php(18): ContentController->renderPartial()
#4 C:\Sites\home\localhost\www\Lynxcms\framework\web\CBaseController.php(126): require()
#5 C:\Sites\home\localhost\www\Lynxcms\framework\web\CBaseController.php(95): ContentController->renderInternal()
#6 C:\Sites\home\localhost\www\Lynxcms\framework\web\CController.php(869): ContentController->renderFile()
#7 C:\Sites\home\localhost\www\Lynxcms\framework\web\CController.php(782): ContentController->renderPartial()
#8 C:\Sites\home\localhost\www\Lynxcms\protected\controllers\admin\ContentController.php(79): ContentController->render()
#9 C:\Sites\home\localhost\www\Lynxcms\framework\web\actions\CInlineAction.php(49): ContentController->actionCreate()
#10 C:\Sites\home\localhost\www\Lynxcms\framework\web\CController.php(308): CInlineAction->runWithParams()
#11 C:\Sites\home\localhost\www\Lynxcms\framework\web\filters\CFilterChain.php(133): ContentController->runAction()
#12 C:\Sites\home\localhost\www\Lynxcms\framework\web\filters\CFilter.php(40): CFilterChain->run()
#13 C:\Sites\home\localhost\www\Lynxcms\framework\web\CController.php(1145): CAccessControlFilter->filter()
#14 C:\Sites\home\localhost\www\Lynxcms\framework\web\filters\CInlineFilter.php(58): ContentController->filterAccessControl()
#15 C:\Sites\home\localhost\www\Lynxcms\framework\web\filters\CFilterChain.php(130): CInlineFilter->filter()
#16 C:\Sites\home\localhost\www\Lynxcms\framework\web\CController.php(291): CFilterChain->run()
#17 C:\Sites\home\localhost\www\Lynxcms\framework\web\CController.php(265): ContentController->runActionWithFilters()
#18 C:\Sites\home\localhost\www\Lynxcms\framework\web\CWebApplication.php(282): ContentController->run()
#19 C:\Sites\home\localhost\www\Lynxcms\framework\web\CWebApplication.php(141): CWebApplication->runController()
#20 C:\Sites\home\localhost\www\Lynxcms\framework\base\CApplication.php(180): CWebApplication->processRequest()
#21 C:\Sites\home\localhost\www\Lynxcms\index.php(13): CWebApplication->run()
REQUEST_URI=/Lynxcms/index.php?r=admin/content/create
in C:\Sites\home\localhost\www\Lynxcms\protected\models\Content.php (32)
in C:\Sites\home\localhost\www\Lynxcms\protected\views\admin\content\_form.php (36)
in C:\Sites\home\localhost\www\Lynxcms\protected\views\admin\content\create.php (18)
2013/11/12 08:46:16 [error] [exception.CException] exception 'CException' with message 'Content and its behaviors do not have a method or closure named "getCategoryOptions".' in C:\Sites\home\localhost\www\Lynxcms\framework\base\CComponent.php:266
Stack trace:
#0 C:\Sites\home\localhost\www\Lynxcms\framework\db\ar\CActiveRecord.php(227): CComponent->__call('getCategoryOpti...', Array)
#1 C:\Sites\home\localhost\www\Lynxcms\protected\views\admin\content\_form.php(36): CActiveRecord->__call('getCategoryOpti...', Array)
#2 C:\Sites\home\localhost\www\Lynxcms\protected\views\admin\content\_form.php(36): Content->getCategoryOptions()
#3 C:\Sites\home\localhost\www\Lynxcms\framework\web\CBaseController.php(126): require('C:\Sites\home\l...')
#4 C:\Sites\home\localhost\www\Lynxcms\framework\web\CBaseController.php(95): CBaseController->renderInternal('C:\Sites\home\l...', Array, true)
#5 C:\Sites\home\localhost\www\Lynxcms\framework\web\CController.php(869): CBaseController->renderFile('C:\Sites\home\l...', Array, true)
#6 C:\Sites\home\localhost\www\Lynxcms\protected\views\admin\content\create.php(18): CController->renderPartial('_form', Array)
#7 C:\Sites\home\localhost\www\Lynxcms\framework\web\CBaseController.php(126): require('C:\Sites\home\l...')
#8 C:\Sites\home\localhost\www\Lynxcms\framework\web\CBaseController.php(95): CBaseController->renderInternal('C:\Sites\home\l...', Array, true)
#9 C:\Sites\home\localhost\www\Lynxcms\framework\web\CController.php(869): CBaseController->renderFile('C:\Sites\home\l...', Array, true)
#10 C:\Sites\home\localhost\www\Lynxcms\framework\web\CController.php(782): CController->renderPartial('create', Array, true)
#11 C:\Sites\home\localhost\www\Lynxcms\protected\controllers\admin\ContentController.php(79): CController->render('create', Array)
#12 C:\Sites\home\localhost\www\Lynxcms\framework\web\actions\CInlineAction.php(49): ContentController->actionCreate()
#13 C:\Sites\home\localhost\www\Lynxcms\framework\web\CController.php(308): CInlineAction->runWithParams(Array)
#14 C:\Sites\home\localhost\www\Lynxcms\framework\web\filters\CFilterChain.php(133): CController->runAction(Object(CInlineAction))
#15 C:\Sites\home\localhost\www\Lynxcms\framework\web\filters\CFilter.php(40): CFilterChain->run()
#16 C:\Sites\home\localhost\www\Lynxcms\framework\web\CController.php(1145): CFilter->filter(Object(CFilterChain))
#17 C:\Sites\home\localhost\www\Lynxcms\framework\web\filters\CInlineFilter.php(58): CController->filterAccessControl(Object(CFilterChain))
#18 C:\Sites\home\localhost\www\Lynxcms\framework\web\filters\CFilterChain.php(130): CInlineFilter->filter(Object(CFilterChain))
#19 C:\Sites\home\localhost\www\Lynxcms\framework\web\CController.php(291): CFilterChain->run()
#20 C:\Sites\home\localhost\www\Lynxcms\framework\web\CController.php(265): CController->runActionWithFilters(Object(CInlineAction), Array)
#21 C:\Sites\home\localhost\www\Lynxcms\framework\web\CWebApplication.php(282): CController->run('create')
#22 C:\Sites\home\localhost\www\Lynxcms\framework\web\CWebApplication.php(141): CWebApplication->runController('admin/content/c...')
#23 C:\Sites\home\localhost\www\Lynxcms\framework\base\CApplication.php(180): CWebApplication->processRequest()
#24 C:\Sites\home\localhost\www\Lynxcms\index.php(13): CApplication->run()
#25 {main}
REQUEST_URI=/Lynxcms/index.php?r=admin/content/create
HTTP_REFERER=http://localhost/Lynxcms/index.php?r=admin/content&view=about
---
2013/11/12 08:50:19 [error] [exception.CException] exception 'CException' with message 'Property "Category.category" is not defined.' in C:\Sites\home\localhost\www\Lynxcms\framework\base\CComponent.php:130
Stack trace:
#0 C:\Sites\home\localhost\www\Lynxcms\framework\db\ar\CActiveRecord.php(145): CComponent->__get('category')
#1 C:\Sites\home\localhost\www\Lynxcms\protected\models\Category.php(18): CActiveRecord->__get('category')
#2 C:\Sites\home\localhost\www\Lynxcms\protected\views\admin\content\_form.php(36): Category->getCategoryOptions()
#3 C:\Sites\home\localhost\www\Lynxcms\framework\web\CBaseController.php(126): require('C:\Sites\home\l...')
#4 C:\Sites\home\localhost\www\Lynxcms\framework\web\CBaseController.php(95): CBaseController->renderInternal('C:\Sites\home\l...', Array, true)
#5 C:\Sites\home\localhost\www\Lynxcms\framework\web\CController.php(869): CBaseController->renderFile('C:\Sites\home\l...', Array, true)
#6 C:\Sites\home\localhost\www\Lynxcms\protected\views\admin\content\create.php(18): CController->renderPartial('_form', Array)
#7 C:\Sites\home\localhost\www\Lynxcms\framework\web\CBaseController.php(126): require('C:\Sites\home\l...')
#8 C:\Sites\home\localhost\www\Lynxcms\framework\web\CBaseController.php(95): CBaseController->renderInternal('C:\Sites\home\l...', Array, true)
#9 C:\Sites\home\localhost\www\Lynxcms\framework\web\CController.php(869): CBaseController->renderFile('C:\Sites\home\l...', Array, true)
#10 C:\Sites\home\localhost\www\Lynxcms\framework\web\CController.php(782): CController->renderPartial('create', Array, true)
#11 C:\Sites\home\localhost\www\Lynxcms\protected\controllers\admin\ContentController.php(79): CController->render('create', Array)
#12 C:\Sites\home\localhost\www\Lynxcms\framework\web\actions\CInlineAction.php(49): ContentController->actionCreate()
#13 C:\Sites\home\localhost\www\Lynxcms\framework\web\CController.php(308): CInlineAction->runWithParams(Array)
#14 C:\Sites\home\localhost\www\Lynxcms\framework\web\filters\CFilterChain.php(133): CController->runAction(Object(CInlineAction))
#15 C:\Sites\home\localhost\www\Lynxcms\framework\web\filters\CFilter.php(40): CFilterChain->run()
#16 C:\Sites\home\localhost\www\Lynxcms\framework\web\CController.php(1145): CFilter->filter(Object(CFilterChain))
#17 C:\Sites\home\localhost\www\Lynxcms\framework\web\filters\CInlineFilter.php(58): CController->filterAccessControl(Object(CFilterChain))
#18 C:\Sites\home\localhost\www\Lynxcms\framework\web\filters\CFilterChain.php(130): CInlineFilter->filter(Object(CFilterChain))
#19 C:\Sites\home\localhost\www\Lynxcms\framework\web\CController.php(291): CFilterChain->run()
#20 C:\Sites\home\localhost\www\Lynxcms\framework\web\CController.php(265): CController->runActionWithFilters(Object(CInlineAction), Array)
#21 C:\Sites\home\localhost\www\Lynxcms\framework\web\CWebApplication.php(282): CController->run('create')
#22 C:\Sites\home\localhost\www\Lynxcms\framework\web\CWebApplication.php(141): CWebApplication->runController('admin/content/c...')
#23 C:\Sites\home\localhost\www\Lynxcms\framework\base\CApplication.php(180): CWebApplication->processRequest()
#24 C:\Sites\home\localhost\www\Lynxcms\index.php(13): CApplication->run()
#25 {main}
REQUEST_URI=/Lynxcms/index.php?r=admin/content/create
HTTP_REFERER=http://localhost/Lynxcms/index.php?r=admin/content&view=about
---
2013/11/12 08:54:32 [error] [php] Invalid argument supplied for foreach() (C:\Sites\home\localhost\www\Lynxcms\framework\web\helpers\CHtml.php:2078)
Stack trace:
#0 C:\Sites\home\localhost\www\Lynxcms\framework\web\CBaseController.php(126): require()
#1 C:\Sites\home\localhost\www\Lynxcms\framework\web\CBaseController.php(95): ContentController->renderInternal()
#2 C:\Sites\home\localhost\www\Lynxcms\framework\web\CController.php(869): ContentController->renderFile()
#3 C:\Sites\home\localhost\www\Lynxcms\protected\views\admin\content\create.php(18): ContentController->renderPartial()
#4 C:\Sites\home\localhost\www\Lynxcms\framework\web\CBaseController.php(126): require()
#5 C:\Sites\home\localhost\www\Lynxcms\framework\web\CBaseController.php(95): ContentController->renderInternal()
#6 C:\Sites\home\localhost\www\Lynxcms\framework\web\CController.php(869): ContentController->renderFile()
#7 C:\Sites\home\localhost\www\Lynxcms\framework\web\CController.php(782): ContentController->renderPartial()
#8 C:\Sites\home\localhost\www\Lynxcms\protected\controllers\admin\ContentController.php(79): ContentController->render()
#9 C:\Sites\home\localhost\www\Lynxcms\framework\web\actions\CInlineAction.php(49): ContentController->actionCreate()
#10 C:\Sites\home\localhost\www\Lynxcms\framework\web\CController.php(308): CInlineAction->runWithParams()
#11 C:\Sites\home\localhost\www\Lynxcms\framework\web\filters\CFilterChain.php(133): ContentController->runAction()
#12 C:\Sites\home\localhost\www\Lynxcms\framework\web\filters\CFilter.php(40): CFilterChain->run()
#13 C:\Sites\home\localhost\www\Lynxcms\framework\web\CController.php(1145): CAccessControlFilter->filter()
#14 C:\Sites\home\localhost\www\Lynxcms\framework\web\filters\CInlineFilter.php(58): ContentController->filterAccessControl()
#15 C:\Sites\home\localhost\www\Lynxcms\framework\web\filters\CFilterChain.php(130): CInlineFilter->filter()
#16 C:\Sites\home\localhost\www\Lynxcms\framework\web\CController.php(291): CFilterChain->run()
#17 C:\Sites\home\localhost\www\Lynxcms\framework\web\CController.php(265): ContentController->runActionWithFilters()
#18 C:\Sites\home\localhost\www\Lynxcms\framework\web\CWebApplication.php(282): ContentController->run()
#19 C:\Sites\home\localhost\www\Lynxcms\framework\web\CWebApplication.php(141): CWebApplication->runController()
#20 C:\Sites\home\localhost\www\Lynxcms\framework\base\CApplication.php(180): CWebApplication->processRequest()
#21 C:\Sites\home\localhost\www\Lynxcms\index.php(13): CWebApplication->run()
REQUEST_URI=/Lynxcms/index.php?r=admin/content/create
in C:\Sites\home\localhost\www\Lynxcms\protected\models\Category.php (18)
in C:\Sites\home\localhost\www\Lynxcms\protected\views\admin\content\_form.php (36)
in C:\Sites\home\localhost\www\Lynxcms\protected\views\admin\content\create.php (18)
2013/11/12 08:56:23 [error] [php] Undefined variable: model (C:\Sites\home\localhost\www\Lynxcms\protected\models\Category.php:18)
Stack trace:
#0 C:\Sites\home\localhost\www\Lynxcms\framework\web\CBaseController.php(95): ContentController->renderInternal()
#1 C:\Sites\home\localhost\www\Lynxcms\framework\web\CController.php(869): ContentController->renderFile()
#2 C:\Sites\home\localhost\www\Lynxcms\protected\views\admin\content\create.php(18): ContentController->renderPartial()
#3 C:\Sites\home\localhost\www\Lynxcms\framework\web\CBaseController.php(126): require()
#4 C:\Sites\home\localhost\www\Lynxcms\framework\web\CBaseController.php(95): ContentController->renderInternal()
#5 C:\Sites\home\localhost\www\Lynxcms\framework\web\CController.php(869): ContentController->renderFile()
#6 C:\Sites\home\localhost\www\Lynxcms\framework\web\CController.php(782): ContentController->renderPartial()
#7 C:\Sites\home\localhost\www\Lynxcms\protected\controllers\admin\ContentController.php(79): ContentController->render()
#8 C:\Sites\home\localhost\www\Lynxcms\framework\web\actions\CInlineAction.php(49): ContentController->actionCreate()
#9 C:\Sites\home\localhost\www\Lynxcms\framework\web\CController.php(308): CInlineAction->runWithParams()
#10 C:\Sites\home\localhost\www\Lynxcms\framework\web\filters\CFilterChain.php(133): ContentController->runAction()
#11 C:\Sites\home\localhost\www\Lynxcms\framework\web\filters\CFilter.php(40): CFilterChain->run()
#12 C:\Sites\home\localhost\www\Lynxcms\framework\web\CController.php(1145): CAccessControlFilter->filter()
#13 C:\Sites\home\localhost\www\Lynxcms\framework\web\filters\CInlineFilter.php(58): ContentController->filterAccessControl()
#14 C:\Sites\home\localhost\www\Lynxcms\framework\web\filters\CFilterChain.php(130): CInlineFilter->filter()
#15 C:\Sites\home\localhost\www\Lynxcms\framework\web\CController.php(291): CFilterChain->run()
#16 C:\Sites\home\localhost\www\Lynxcms\framework\web\CController.php(265): ContentController->runActionWithFilters()
#17 C:\Sites\home\localhost\www\Lynxcms\framework\web\CWebApplication.php(282): ContentController->run()
#18 C:\Sites\home\localhost\www\Lynxcms\framework\web\CWebApplication.php(141): CWebApplication->runController()
#19 C:\Sites\home\localhost\www\Lynxcms\framework\base\CApplication.php(180): CWebApplication->processRequest()
#20 C:\Sites\home\localhost\www\Lynxcms\index.php(13): CWebApplication->run()
REQUEST_URI=/Lynxcms/index.php?r=admin/content/create
in C:\Sites\home\localhost\www\Lynxcms\protected\models\Category.php (18)
in C:\Sites\home\localhost\www\Lynxcms\protected\views\admin\content\_form.php (36)
in C:\Sites\home\localhost\www\Lynxcms\protected\views\admin\content\create.php (18)
2013/11/12 11:46:32 [error] [exception.CException] exception 'CException' with message 'Property "ECLEditor.category_id" is not defined.' in C:\Sites\home\localhost\www\Lynxcms\framework\base\CComponent.php:173
Stack trace:
#0 C:\Sites\home\localhost\www\Lynxcms\framework\web\CWidgetFactory.php(161): CComponent->__set('category_id', 'category_id')
#1 C:\Sites\home\localhost\www\Lynxcms\framework\web\CBaseController.php(146): CWidgetFactory->createWidget(Object(ContentController), 'application.ext...', Array)
#2 C:\Sites\home\localhost\www\Lynxcms\framework\web\CBaseController.php(172): CBaseController->createWidget('application.ext...', Array)
#3 C:\Sites\home\localhost\www\Lynxcms\protected\views\admin\content\_form.php(50): CBaseController->widget('application.ext...', Array)
#4 C:\Sites\home\localhost\www\Lynxcms\framework\web\CBaseController.php(126): require('C:\Sites\home\l...')
#5 C:\Sites\home\localhost\www\Lynxcms\framework\web\CBaseController.php(95): CBaseController->renderInternal('C:\Sites\home\l...', Array, true)
#6 C:\Sites\home\localhost\www\Lynxcms\framework\web\CController.php(869): CBaseController->renderFile('C:\Sites\home\l...', Array, true)
#7 C:\Sites\home\localhost\www\Lynxcms\protected\views\admin\content\create.php(18): CController->renderPartial('_form', Array)
#8 C:\Sites\home\localhost\www\Lynxcms\framework\web\CBaseController.php(126): require('C:\Sites\home\l...')
#9 C:\Sites\home\localhost\www\Lynxcms\framework\web\CBaseController.php(95): CBaseController->renderInternal('C:\Sites\home\l...', Array, true)
#10 C:\Sites\home\localhost\www\Lynxcms\framework\web\CController.php(869): CBaseController->renderFile('C:\Sites\home\l...', Array, true)
#11 C:\Sites\home\localhost\www\Lynxcms\framework\web\CController.php(782): CController->renderPartial('create', Array, true)
#12 C:\Sites\home\localhost\www\Lynxcms\protected\controllers\admin\ContentController.php(79): CController->render('create', Array)
#13 C:\Sites\home\localhost\www\Lynxcms\framework\web\actions\CInlineAction.php(49): ContentController->actionCreate()
#14 C:\Sites\home\localhost\www\Lynxcms\framework\web\CController.php(308): CInlineAction->runWithParams(Array)
#15 C:\Sites\home\localhost\www\Lynxcms\framework\web\filters\CFilterChain.php(133): CController->runAction(Object(CInlineAction))
#16 C:\Sites\home\localhost\www\Lynxcms\framework\web\filters\CFilter.php(40): CFilterChain->run()
#17 C:\Sites\home\localhost\www\Lynxcms\framework\web\CController.php(1145): CFilter->filter(Object(CFilterChain))
#18 C:\Sites\home\localhost\www\Lynxcms\framework\web\filters\CInlineFilter.php(58): CController->filterAccessControl(Object(CFilterChain))
#19 C:\Sites\home\localhost\www\Lynxcms\framework\web\filters\CFilterChain.php(130): CInlineFilter->filter(Object(CFilterChain))
#20 C:\Sites\home\localhost\www\Lynxcms\framework\web\CController.php(291): CFilterChain->run()
#21 C:\Sites\home\localhost\www\Lynxcms\framework\web\CController.php(265): CController->runActionWithFilters(Object(CInlineAction), Array)
#22 C:\Sites\home\localhost\www\Lynxcms\framework\web\CWebApplication.php(282): CController->run('create')
#23 C:\Sites\home\localhost\www\Lynxcms\framework\web\CWebApplication.php(141): CWebApplication->runController('admin/content/c...')
#24 C:\Sites\home\localhost\www\Lynxcms\framework\base\CApplication.php(180): CWebApplication->processRequest()
#25 C:\Sites\home\localhost\www\Lynxcms\index.php(13): CApplication->run()
#26 {main}
REQUEST_URI=/Lynxcms/index.php?r=admin/content/create
HTTP_REFERER=http://localhost/Lynxcms/index.php?r=admin/content&view=about
---
2013/11/12 11:46:50 [error] [php] Object of class ECLEditor could not be converted to string (C:\Sites\home\localhost\www\Lynxcms\protected\views\admin\content\_form.php:50)
Stack trace:
#0 C:\Sites\home\localhost\www\Lynxcms\framework\web\CController.php(869): ContentController->renderFile()
#1 C:\Sites\home\localhost\www\Lynxcms\protected\views\admin\content\create.php(18): ContentController->renderPartial()
#2 C:\Sites\home\localhost\www\Lynxcms\framework\web\CBaseController.php(126): require()
#3 C:\Sites\home\localhost\www\Lynxcms\framework\web\CBaseController.php(95): ContentController->renderInternal()
#4 C:\Sites\home\localhost\www\Lynxcms\framework\web\CController.php(869): ContentController->renderFile()
#5 C:\Sites\home\localhost\www\Lynxcms\framework\web\CController.php(782): ContentController->renderPartial()
#6 C:\Sites\home\localhost\www\Lynxcms\protected\controllers\admin\ContentController.php(79): ContentController->render()
#7 C:\Sites\home\localhost\www\Lynxcms\framework\web\actions\CInlineAction.php(49): ContentController->actionCreate()
#8 C:\Sites\home\localhost\www\Lynxcms\framework\web\CController.php(308): CInlineAction->runWithParams()
#9 C:\Sites\home\localhost\www\Lynxcms\framework\web\filters\CFilterChain.php(133): ContentController->runAction()
#10 C:\Sites\home\localhost\www\Lynxcms\framework\web\filters\CFilter.php(40): CFilterChain->run()
#11 C:\Sites\home\localhost\www\Lynxcms\framework\web\CController.php(1145): CAccessControlFilter->filter()
#12 C:\Sites\home\localhost\www\Lynxcms\framework\web\filters\CInlineFilter.php(58): ContentController->filterAccessControl()
#13 C:\Sites\home\localhost\www\Lynxcms\framework\web\filters\CFilterChain.php(130): CInlineFilter->filter()
#14 C:\Sites\home\localhost\www\Lynxcms\framework\web\CController.php(291): CFilterChain->run()
#15 C:\Sites\home\localhost\www\Lynxcms\framework\web\CController.php(265): ContentController->runActionWithFilters()
#16 C:\Sites\home\localhost\www\Lynxcms\framework\web\CWebApplication.php(282): ContentController->run()
#17 C:\Sites\home\localhost\www\Lynxcms\framework\web\CWebApplication.php(141): CWebApplication->runController()
#18 C:\Sites\home\localhost\www\Lynxcms\framework\base\CApplication.php(180): CWebApplication->processRequest()
#19 C:\Sites\home\localhost\www\Lynxcms\index.php(13): CWebApplication->run()
REQUEST_URI=/Lynxcms/index.php?r=admin/content/create
in C:\Sites\home\localhost\www\Lynxcms\protected\views\admin\content\_form.php (50)
in C:\Sites\home\localhost\www\Lynxcms\protected\views\admin\content\create.php (18)
in C:\Sites\home\localhost\www\Lynxcms\protected\controllers\admin\ContentController.php (79)
2013/11/12 11:47:35 [error] [php] Object of class ECLEditor could not be converted to string (C:\Sites\home\localhost\www\Lynxcms\protected\views\admin\content\_form.php:50)
Stack trace:
#0 C:\Sites\home\localhost\www\Lynxcms\framework\web\CController.php(869): ContentController->renderFile()
#1 C:\Sites\home\localhost\www\Lynxcms\protected\views\admin\content\create.php(18): ContentController->renderPartial()
#2 C:\Sites\home\localhost\www\Lynxcms\framework\web\CBaseController.php(126): require()
#3 C:\Sites\home\localhost\www\Lynxcms\framework\web\CBaseController.php(95): ContentController->renderInternal()
#4 C:\Sites\home\localhost\www\Lynxcms\framework\web\CController.php(869): ContentController->renderFile()
#5 C:\Sites\home\localhost\www\Lynxcms\framework\web\CController.php(782): ContentController->renderPartial()
#6 C:\Sites\home\localhost\www\Lynxcms\protected\controllers\admin\ContentController.php(79): ContentController->render()
#7 C:\Sites\home\localhost\www\Lynxcms\framework\web\actions\CInlineAction.php(49): ContentController->actionCreate()
#8 C:\Sites\home\localhost\www\Lynxcms\framework\web\CController.php(308): CInlineAction->runWithParams()
#9 C:\Sites\home\localhost\www\Lynxcms\framework\web\filters\CFilterChain.php(133): ContentController->runAction()
#10 C:\Sites\home\localhost\www\Lynxcms\framework\web\filters\CFilter.php(40): CFilterChain->run()
#11 C:\Sites\home\localhost\www\Lynxcms\framework\web\CController.php(1145): CAccessControlFilter->filter()
#12 C:\Sites\home\localhost\www\Lynxcms\framework\web\filters\CInlineFilter.php(58): ContentController->filterAccessControl()
#13 C:\Sites\home\localhost\www\Lynxcms\framework\web\filters\CFilterChain.php(130): CInlineFilter->filter()
#14 C:\Sites\home\localhost\www\Lynxcms\framework\web\CController.php(291): CFilterChain->run()
#15 C:\Sites\home\localhost\www\Lynxcms\framework\web\CController.php(265): ContentController->runActionWithFilters()
#16 C:\Sites\home\localhost\www\Lynxcms\framework\web\CWebApplication.php(282): ContentController->run()
#17 C:\Sites\home\localhost\www\Lynxcms\framework\web\CWebApplication.php(141): CWebApplication->runController()
#18 C:\Sites\home\localhost\www\Lynxcms\framework\base\CApplication.php(180): CWebApplication->processRequest()
#19 C:\Sites\home\localhost\www\Lynxcms\index.php(13): CWebApplication->run()
REQUEST_URI=/Lynxcms/index.php?r=admin/content/create
in C:\Sites\home\localhost\www\Lynxcms\protected\views\admin\content\_form.php (50)
in C:\Sites\home\localhost\www\Lynxcms\protected\views\admin\content\create.php (18)
in C:\Sites\home\localhost\www\Lynxcms\protected\controllers\admin\ContentController.php (79)
2013/11/12 11:49:07 [error] [php] Object of class ECLEditor could not be converted to string (C:\Sites\home\localhost\www\Lynxcms\protected\views\admin\content\_form.php:57)
Stack trace:
#0 C:\Sites\home\localhost\www\Lynxcms\framework\web\CController.php(869): ContentController->renderFile()
#1 C:\Sites\home\localhost\www\Lynxcms\protected\views\admin\content\create.php(18): ContentController->renderPartial()
#2 C:\Sites\home\localhost\www\Lynxcms\framework\web\CBaseController.php(126): require()
#3 C:\Sites\home\localhost\www\Lynxcms\framework\web\CBaseController.php(95): ContentController->renderInternal()
#4 C:\Sites\home\localhost\www\Lynxcms\framework\web\CController.php(869): ContentController->renderFile()
#5 C:\Sites\home\localhost\www\Lynxcms\framework\web\CController.php(782): ContentController->renderPartial()
#6 C:\Sites\home\localhost\www\Lynxcms\protected\controllers\admin\ContentController.php(79): ContentController->render()
#7 C:\Sites\home\localhost\www\Lynxcms\framework\web\actions\CInlineAction.php(49): ContentController->actionCreate()
#8 C:\Sites\home\localhost\www\Lynxcms\framework\web\CController.php(308): CInlineAction->runWithParams()
#9 C:\Sites\home\localhost\www\Lynxcms\framework\web\filters\CFilterChain.php(133): ContentController->runAction()
#10 C:\Sites\home\localhost\www\Lynxcms\framework\web\filters\CFilter.php(40): CFilterChain->run()
#11 C:\Sites\home\localhost\www\Lynxcms\framework\web\CController.php(1145): CAccessControlFilter->filter()
#12 C:\Sites\home\localhost\www\Lynxcms\framework\web\filters\CInlineFilter.php(58): ContentController->filterAccessControl()
#13 C:\Sites\home\localhost\www\Lynxcms\framework\web\filters\CFilterChain.php(130): CInlineFilter->filter()
#14 C:\Sites\home\localhost\www\Lynxcms\framework\web\CController.php(291): CFilterChain->run()
#15 C:\Sites\home\localhost\www\Lynxcms\framework\web\CController.php(265): ContentController->runActionWithFilters()
#16 C:\Sites\home\localhost\www\Lynxcms\framework\web\CWebApplication.php(282): ContentController->run()
#17 C:\Sites\home\localhost\www\Lynxcms\framework\web\CWebApplication.php(141): CWebApplication->runController()
#18 C:\Sites\home\localhost\www\Lynxcms\framework\base\CApplication.php(180): CWebApplication->processRequest()
#19 C:\Sites\home\localhost\www\Lynxcms\index.php(13): CWebApplication->run()
REQUEST_URI=/Lynxcms/index.php?r=admin/content/create
in C:\Sites\home\localhost\www\Lynxcms\protected\views\admin\content\_form.php (57)
in C:\Sites\home\localhost\www\Lynxcms\protected\views\admin\content\create.php (18)
in C:\Sites\home\localhost\www\Lynxcms\protected\controllers\admin\ContentController.php (79)
2013/11/12 11:57:46 [error] [exception.CHttpException.404] exception 'CHttpException' with message 'Unable to resolve the request "admin/index".' in C:\Sites\home\localhost\www\Lynxcms\framework\web\CWebApplication.php:286
Stack trace:
#0 C:\Sites\home\localhost\www\Lynxcms\framework\web\CWebApplication.php(141): CWebApplication->runController('admin/index')
#1 C:\Sites\home\localhost\www\Lynxcms\framework\base\CApplication.php(180): CWebApplication->processRequest()
#2 C:\Sites\home\localhost\www\Lynxcms\index.php(13): CApplication->run()
#3 {main}
REQUEST_URI=/Lynxcms/index.php?r=admin/index
---
2013/11/12 12:26:44 [error] [exception.CException] exception 'CException' with message 'Alias "zii.behavior.CTimestamp" is invalid. Make sure it points to an existing PHP file and the file is readable.' in C:\Sites\home\localhost\www\Lynxcms\framework\YiiBase.php:322
Stack trace:
#0 C:\Sites\home\localhost\www\Lynxcms\framework\YiiBase.php(196): YiiBase::import('zii.behavior.CT...', true)
#1 C:\Sites\home\localhost\www\Lynxcms\framework\base\CComponent.php(329): YiiBase::createComponent(Array)
#2 C:\Sites\home\localhost\www\Lynxcms\framework\base\CComponent.php(298): CComponent->attachBehavior('CTimestampBehav...', Array)
#3 C:\Sites\home\localhost\www\Lynxcms\framework\db\ar\CActiveRecord.php(396): CComponent->attachBehaviors(Array)
#4 C:\Sites\home\localhost\www\Lynxcms\framework\web\CActiveDataProvider.php(165): CActiveRecord::model('Content')
#5 C:\Sites\home\localhost\www\Lynxcms\framework\web\CActiveDataProvider.php(87): CActiveDataProvider->getModel('Content')
#6 C:\Sites\home\localhost\www\Lynxcms\protected\controllers\admin\ContentController.php(125): CActiveDataProvider->__construct('Content')
#7 C:\Sites\home\localhost\www\Lynxcms\framework\web\actions\CInlineAction.php(49): ContentController->actionIndex()
#8 C:\Sites\home\localhost\www\Lynxcms\framework\web\CController.php(308): CInlineAction->runWithParams(Array)
#9 C:\Sites\home\localhost\www\Lynxcms\framework\web\filters\CFilterChain.php(133): CController->runAction(Object(CInlineAction))
#10 C:\Sites\home\localhost\www\Lynxcms\framework\web\filters\CFilter.php(40): CFilterChain->run()
#11 C:\Sites\home\localhost\www\Lynxcms\framework\web\CController.php(1145): CFilter->filter(Object(CFilterChain))
#12 C:\Sites\home\localhost\www\Lynxcms\framework\web\filters\CInlineFilter.php(58): CController->filterAccessControl(Object(CFilterChain))
#13 C:\Sites\home\localhost\www\Lynxcms\framework\web\filters\CFilterChain.php(130): CInlineFilter->filter(Object(CFilterChain))
#14 C:\Sites\home\localhost\www\Lynxcms\framework\web\CController.php(291): CFilterChain->run()
#15 C:\Sites\home\localhost\www\Lynxcms\framework\web\CController.php(265): CController->runActionWithFilters(Object(CInlineAction), Array)
#16 C:\Sites\home\localhost\www\Lynxcms\framework\web\CWebApplication.php(282): CController->run('')
#17 C:\Sites\home\localhost\www\Lynxcms\framework\web\CWebApplication.php(141): CWebApplication->runController('admin/content')
#18 C:\Sites\home\localhost\www\Lynxcms\framework\base\CApplication.php(180): CWebApplication->processRequest()
#19 C:\Sites\home\localhost\www\Lynxcms\index.php(13): CApplication->run()
#20 {main}
REQUEST_URI=/Lynxcms/index.php?r=admin/content&view=about
HTTP_REFERER=http://localhost/Lynxcms/index.php?r=admin/content/view&id=1
---
2013/11/12 12:27:10 [error] [exception.CException] exception 'CException' with message 'Alias "zii.behavior.CTimestampBehavior" is invalid. Make sure it points to an existing PHP file and the file is readable.' in C:\Sites\home\localhost\www\Lynxcms\framework\YiiBase.php:322
Stack trace:
#0 C:\Sites\home\localhost\www\Lynxcms\framework\YiiBase.php(196): YiiBase::import('zii.behavior.CT...', true)
#1 C:\Sites\home\localhost\www\Lynxcms\framework\base\CComponent.php(329): YiiBase::createComponent(Array)
#2 C:\Sites\home\localhost\www\Lynxcms\framework\base\CComponent.php(298): CComponent->attachBehavior('CTimestampBehav...', Array)
#3 C:\Sites\home\localhost\www\Lynxcms\framework\db\ar\CActiveRecord.php(396): CComponent->attachBehaviors(Array)
#4 C:\Sites\home\localhost\www\Lynxcms\framework\web\CActiveDataProvider.php(165): CActiveRecord::model('Content')
#5 C:\Sites\home\localhost\www\Lynxcms\framework\web\CActiveDataProvider.php(87): CActiveDataProvider->getModel('Content')
#6 C:\Sites\home\localhost\www\Lynxcms\protected\controllers\admin\ContentController.php(125): CActiveDataProvider->__construct('Content')
#7 C:\Sites\home\localhost\www\Lynxcms\framework\web\actions\CInlineAction.php(49): ContentController->actionIndex()
#8 C:\Sites\home\localhost\www\Lynxcms\framework\web\CController.php(308): CInlineAction->runWithParams(Array)
#9 C:\Sites\home\localhost\www\Lynxcms\framework\web\filters\CFilterChain.php(133): CController->runAction(Object(CInlineAction))
#10 C:\Sites\home\localhost\www\Lynxcms\framework\web\filters\CFilter.php(40): CFilterChain->run()
#11 C:\Sites\home\localhost\www\Lynxcms\framework\web\CController.php(1145): CFilter->filter(Object(CFilterChain))
#12 C:\Sites\home\localhost\www\Lynxcms\framework\web\filters\CInlineFilter.php(58): CController->filterAccessControl(Object(CFilterChain))
#13 C:\Sites\home\localhost\www\Lynxcms\framework\web\filters\CFilterChain.php(130): CInlineFilter->filter(Object(CFilterChain))
#14 C:\Sites\home\localhost\www\Lynxcms\framework\web\CController.php(291): CFilterChain->run()
#15 C:\Sites\home\localhost\www\Lynxcms\framework\web\CController.php(265): CController->runActionWithFilters(Object(CInlineAction), Array)
#16 C:\Sites\home\localhost\www\Lynxcms\framework\web\CWebApplication.php(282): CController->run('')
#17 C:\Sites\home\localhost\www\Lynxcms\framework\web\CWebApplication.php(141): CWebApplication->runController('admin/content')
#18 C:\Sites\home\localhost\www\Lynxcms\framework\base\CApplication.php(180): CWebApplication->processRequest()
#19 C:\Sites\home\localhost\www\Lynxcms\index.php(13): CApplication->run()
#20 {main}
REQUEST_URI=/Lynxcms/index.php?r=admin/content&view=about
HTTP_REFERER=http://localhost/Lynxcms/index.php?r=admin/content/view&id=1
---
2013/11/12 12:43:30 [error] [exception.CException] exception 'CException' with message 'Property "CWebUser.user_id" is not defined.' in C:\Sites\home\localhost\www\Lynxcms\framework\base\CComponent.php:130
Stack trace:
#0 C:\Sites\home\localhost\www\Lynxcms\framework\web\auth\CWebUser.php(146): CComponent->__get('user_id')
#1 C:\Sites\home\localhost\www\Lynxcms\protected\models\Content.php(46): CWebUser->__get('user_id')
#2 C:\Sites\home\localhost\www\Lynxcms\framework\db\ar\CActiveRecord.php(1071): Content->beforeSave()
#3 C:\Sites\home\localhost\www\Lynxcms\framework\db\ar\CActiveRecord.php(806): CActiveRecord->insert(NULL)
#4 C:\Sites\home\localhost\www\Lynxcms\protected\controllers\admin\ContentController.php(73): CActiveRecord->save()
#5 C:\Sites\home\localhost\www\Lynxcms\framework\web\actions\CInlineAction.php(49): ContentController->actionCreate()
#6 C:\Sites\home\localhost\www\Lynxcms\framework\web\CController.php(308): CInlineAction->runWithParams(Array)
#7 C:\Sites\home\localhost\www\Lynxcms\framework\web\filters\CFilterChain.php(133): CController->runAction(Object(CInlineAction))
#8 C:\Sites\home\localhost\www\Lynxcms\framework\web\filters\CFilter.php(40): CFilterChain->run()
#9 C:\Sites\home\localhost\www\Lynxcms\framework\web\CController.php(1145): CFilter->filter(Object(CFilterChain))
#10 C:\Sites\home\localhost\www\Lynxcms\framework\web\filters\CInlineFilter.php(58): CController->filterAccessControl(Object(CFilterChain))
#11 C:\Sites\home\localhost\www\Lynxcms\framework\web\filters\CFilterChain.php(130): CInlineFilter->filter(Object(CFilterChain))
#12 C:\Sites\home\localhost\www\Lynxcms\framework\web\CController.php(291): CFilterChain->run()
#13 C:\Sites\home\localhost\www\Lynxcms\framework\web\CController.php(265): CController->runActionWithFilters(Object(CInlineAction), Array)
#14 C:\Sites\home\localhost\www\Lynxcms\framework\web\CWebApplication.php(282): CController->run('create')
#15 C:\Sites\home\localhost\www\Lynxcms\framework\web\CWebApplication.php(141): CWebApplication->runController('admin/content/c...')
#16 C:\Sites\home\localhost\www\Lynxcms\framework\base\CApplication.php(180): CWebApplication->processRequest()
#17 C:\Sites\home\localhost\www\Lynxcms\index.php(13): CApplication->run()
#18 {main}
REQUEST_URI=/Lynxcms/index.php?r=admin/content/create
HTTP_REFERER=http://localhost/Lynxcms/index.php?r=admin/content/create
---
2013/11/12 12:46:17 [error] [system.db.CDbCommand] CDbCommand::execute() failed: SQLSTATE[HY000]: General error: 1366 Incorrect integer value: 'admin' for column 'created_by' at row 1. The SQL statement executed was: INSERT INTO `tbl_content` (`title`, `alias`, `description`, `category_id`, `content`, `published`, `created_by`, `updated_by`, `creation_date`, `updation_date`) VALUES (:yp0, :yp1, :yp2, :yp3, :yp4, :yp5, :yp6, :yp7, NOW(), NOW()).
in C:\Sites\home\localhost\www\Lynxcms\protected\controllers\admin\ContentController.php (73)
in C:\Sites\home\localhost\www\Lynxcms\index.php (13)
2013/11/12 12:46:17 [error] [exception.CDbException] exception 'CDbException' with message 'CDbCommand failed to execute the SQL statement: SQLSTATE[HY000]: General error: 1366 Incorrect integer value: 'admin' for column 'created_by' at row 1. The SQL statement executed was: INSERT INTO `tbl_content` (`title`, `alias`, `description`, `category_id`, `content`, `published`, `created_by`, `updated_by`, `creation_date`, `updation_date`) VALUES (:yp0, :yp1, :yp2, :yp3, :yp4, :yp5, :yp6, :yp7, NOW(), NOW())' in C:\Sites\home\localhost\www\Lynxcms\framework\db\CDbCommand.php:358
Stack trace:
#0 C:\Sites\home\localhost\www\Lynxcms\framework\db\ar\CActiveRecord.php(1077): CDbCommand->execute()
#1 C:\Sites\home\localhost\www\Lynxcms\framework\db\ar\CActiveRecord.php(806): CActiveRecord->insert(NULL)
#2 C:\Sites\home\localhost\www\Lynxcms\protected\controllers\admin\ContentController.php(73): CActiveRecord->save()
#3 C:\Sites\home\localhost\www\Lynxcms\framework\web\actions\CInlineAction.php(49): ContentController->actionCreate()
#4 C:\Sites\home\localhost\www\Lynxcms\framework\web\CController.php(308): CInlineAction->runWithParams(Array)
#5 C:\Sites\home\localhost\www\Lynxcms\framework\web\filters\CFilterChain.php(133): CController->runAction(Object(CInlineAction))
#6 C:\Sites\home\localhost\www\Lynxcms\framework\web\filters\CFilter.php(40): CFilterChain->run()
#7 C:\Sites\home\localhost\www\Lynxcms\framework\web\CController.php(1145): CFilter->filter(Object(CFilterChain))
#8 C:\Sites\home\localhost\www\Lynxcms\framework\web\filters\CInlineFilter.php(58): CController->filterAccessControl(Object(CFilterChain))
#9 C:\Sites\home\localhost\www\Lynxcms\framework\web\filters\CFilterChain.php(130): CInlineFilter->filter(Object(CFilterChain))
#10 C:\Sites\home\localhost\www\Lynxcms\framework\web\CController.php(291): CFilterChain->run()
#11 C:\Sites\home\localhost\www\Lynxcms\framework\web\CController.php(265): CController->runActionWithFilters(Object(CInlineAction), Array)
#12 C:\Sites\home\localhost\www\Lynxcms\framework\web\CWebApplication.php(282): CController->run('create')
#13 C:\Sites\home\localhost\www\Lynxcms\framework\web\CWebApplication.php(141): CWebApplication->runController('admin/content/c...')
#14 C:\Sites\home\localhost\www\Lynxcms\framework\base\CApplication.php(180): CWebApplication->processRequest()
#15 C:\Sites\home\localhost\www\Lynxcms\index.php(13): CApplication->run()
#16 {main}
REQUEST_URI=/Lynxcms/index.php?r=admin/content/create
HTTP_REFERER=http://localhost/Lynxcms/index.php?r=admin/content/create
---
